2024-12-23 14:04:38,683 - INFO - http://data4wallonia.com/cheques-entreprises: Changed label from: Chèques-Entreprises, to: Chèques Entreprises
2024-12-23 14:04:38,683 - INFO - http://data4wallonia.com/communautes: Changed label from: Communautés & réseaux, to: Communautés   réseaux
2024-12-23 14:04:38,683 - INFO - http://data4wallonia.com/eco-materiaux: Changed label from: Eco-Matériaux, to: Eco Matériaux
2024-12-23 14:04:38,685 - INFO - http://data4wallonia.com/collection-grappe-cyber-securite: Changed label from: Grappe Cyber & sécurité, to: Grappe Cyber   sécurité
2024-12-23 14:04:38,686 - INFO - http://data4wallonia.com/produits-services: Changed label from: Produits & services, to: Produits   services
2024-12-23 14:04:38,688 - INFO - http://data4wallonia.com/s3: Changed label from: S3 (Stratégie de Spécialisation Intelligente), to: S3  Stratégie de Spécialisation Intelligente 
2024-12-23 14:04:38,730 - INFO - http://data4wallonia.com/laureats-awards: Changed label from: Lauréats & awards, to: Lauréats   awards
2024-12-23 14:04:38,734 - INFO - http://data4wallonia.com/matieres-premieres-secondaires: Changed label from: Matières premières (secondaires), to: Matières premières  secondaires 
2024-12-23 14:04:38,734 - INFO - http://data4wallonia.com/eau-durable-metiers: Changed label from: Eau durable - Métiers, to: Eau durable   Métiers
2024-12-23 14:04:38,734 - INFO - http://data4wallonia.com/eau-durable-types: Changed label from: Eau durable - Types, to: Eau durable   Types
2024-12-23 14:04:38,734 - INFO - http://data4wallonia.com/detecter-anomalies-and-events: Changed label from: Détecter - Anomalies and Events, to: Détecter   Anomalies and Events
2024-12-23 14:04:38,734 - INFO - http://data4wallonia.com/detecter-detection-processes: Changed label from: Détecter - Detection Processes, to: Détecter   Detection Processes
2024-12-23 14:04:38,734 - INFO - http://data4wallonia.com/detecter-security-continous-monitoring: Changed label from: Détecter - Security Continous Monitoring, to: Détecter   Security Continous Monitoring
2024-12-23 14:04:38,734 - INFO - http://data4wallonia.com/former-et-coacher-awareness-and-training: Changed label from: Former et coacher - Awareness and Training, to: Former et coacher   Awareness and Training
2024-12-23 14:04:38,749 - INFO - http://data4wallonia.com/former-et-coacher-graduate-education: Changed label from: Former et coacher - Graduate education, to: Former et coacher   Graduate education
2024-12-23 14:04:38,750 - INFO - http://data4wallonia.com/identifier-asset-management: Changed label from: Identifier - Asset Mangement, to: Identifier   Asset Mangement
2024-12-23 14:04:38,751 - INFO - http://data4wallonia.com/identifier-business-environment: Changed label from: Identifier - Business Environment, to: Identifier   Business Environment
2024-12-23 14:04:38,752 - INFO - http://data4wallonia.com/identifier-governance-risk-management: Changed label from: Identifier - Governance & Risk Management, to: Identifier   Governance   Risk Management
2024-12-23 14:04:38,752 - INFO - http://data4wallonia.com/proteger-data-security: Changed label from: Protéger - Data Security, to: Protéger   Data Security
2024-12-23 14:04:38,753 - INFO - http://data4wallonia.com/proteger-identity-management-et-access-control: Changed label from: Protéger - Identity Management & Access Control, to: Protéger   Identity Management   Access Control
2024-12-23 14:04:38,753 - INFO - http://data4wallonia.com/proteger-information-protection-processes-and-procedures: Changed label from: Protéger - Information Protection Processes and Procedures, to: Protéger   Information Protection Processes and Procedures
2024-12-23 14:04:38,754 - INFO - http://data4wallonia.com/proteger-maintenance: Changed label from: Protéger - Maintenance, to: Protéger   Maintenance
2024-12-23 14:04:38,754 - INFO - http://data4wallonia.com/proteger-protective-technology: Changed label from: Protéger - Protective Technology, to: Protéger   Protective Technology
2024-12-23 14:04:38,755 - INFO - http://data4wallonia.com/repondre-mitigation: Changed label from: Répondre -  Mitigation, to: Répondre    Mitigation
2024-12-23 14:04:38,755 - INFO - http://data4wallonia.com/repondre-analysis: Changed label from: Répondre - Analysis, to: Répondre   Analysis
2024-12-23 14:04:38,755 - INFO - http://data4wallonia.com/repondre-communications: Changed label from: Répondre - Communications, to: Répondre   Communications
2024-12-23 14:04:38,756 - INFO - http://data4wallonia.com/repondre-response-planning: Changed label from: Répondre - Response Planning, to: Répondre   Response Planning
2024-12-23 14:04:38,756 - INFO - http://data4wallonia.com/restaurer-recovery-planning: Changed label from: Restaurer - Recovery Planning, to: Restaurer   Recovery Planning
2024-12-23 14:04:38,757 - INFO - http://data4wallonia.com/developpement-economique-territorial: Changed label from: Développement économique & territorial, to: Développement économique   territorial
2024-12-23 14:04:38,758 - INFO - http://data4wallonia.com/recherche-et-innovation: Changed label from: Recherche & innovation, to: Recherche   innovation
2024-12-23 14:04:38,760 - INFO - http://data4wallonia.com/metiers-expertises: Changed label from: Métiers & expertises, to: Métiers   expertises
2024-12-23 14:04:38,762 - INFO - http://data4wallonia.com/commerce-en-ligne: Changed label from: Commerce & services en ligne, to: Commerce   services en ligne
2024-12-23 14:04:38,762 - INFO - http://data4wallonia.com/ict-advanced: Changed label from: ICT - advanced, to: ICT   advanced
2024-12-23 14:04:38,763 - INFO - http://data4wallonia.com/ict-hardware: Changed label from: ICT - hardware, to: ICT   hardware
2024-12-23 14:04:38,763 - INFO - http://data4wallonia.com/ict-networks: Changed label from: ICT - networks, to: ICT   networks
2024-12-23 14:04:38,763 - INFO - http://data4wallonia.com/ict-services: Changed label from: ICT - services, to: ICT   services
2024-12-23 14:04:38,764 - INFO - http://data4wallonia.com/ict-software: Changed label from: ICT - software, to: ICT   software
2024-12-23 14:04:38,764 - INFO - http://data4wallonia.com/dis-1: Changed label from: DIS 1 - Matériaux circulaires, to: DIS 1   Matériaux circulaires
2024-12-23 14:04:38,765 - INFO - http://data4wallonia.com/dis-2: Changed label from: DIS 2 - Innovations pour une santé renforcée, to: DIS 2   Innovations pour une santé renforcée
2024-12-23 14:04:38,765 - INFO - http://data4wallonia.com/dis-3: Changed label from: DIS 3 - Modes de conception et de production agiles et sûrs, to: DIS 3   Modes de conception et de production agiles et sûrs
2024-12-23 14:04:38,765 - INFO - http://data4wallonia.com/dis-4: Changed label from: DIS 4 - Systèmes énergétiques et habitats durables, to: DIS 4   Systèmes énergétiques et habitats durables
2024-12-23 14:04:38,766 - INFO - http://data4wallonia.com/dis-5: Changed label from: DIS 5 - Chaines agro-alimentaires du futur et gestion innovante de l'environnement, to: DIS 5   Chaines agro alimentaires du futur et gestion innovante de l'environnement
2024-12-23 14:04:38,767 - INFO - http://data4wallonia.com/initiatives-d-innovation-strategiques-iis: Changed label from: Initiatives d'Innovation Stratégiques (IIS), to: Initiatives d'Innovation Stratégiques  IIS 
2024-12-23 14:04:38,775 - INFO - http://data4wallonia.com/cheques-creation-conseil: Changed label from: Création - Conseil à la création d'entreprise, to: Création   Conseil à la création d'entreprise
2024-12-23 14:04:38,776 - INFO - http://data4wallonia.com/cheques-creation-formation: Changed label from: Création - Formation à la création d’entreprise, to: Création   Formation à la création d’entreprise
2024-12-23 14:04:38,777 - INFO - http://data4wallonia.com/cheques-croissance-accompagnement: Changed label from: Croissance - Accompagnement, croissance et développement d'entreprise, to: Croissance   Accompagnement, croissance et développement d'entreprise
2024-12-23 14:04:38,778 - INFO - http://data4wallonia.com/cheques-croissance-diagnostic: Changed label from: Croissance - Diagnostic, croissance et développement d'entreprise, to: Croissance   Diagnostic, croissance et développement d'entreprise
2024-12-23 14:04:38,778 - INFO - http://data4wallonia.com/cheques-entreprises-economie-circulaire: Changed label from: Economie Circulaire (chèque), to: Economie Circulaire  chèque 
2024-12-23 14:04:38,779 - INFO - http://data4wallonia.com/cheques-energie-audit-global: Changed label from: Energie - Audit global, to: Energie   Audit global
2024-12-23 14:04:38,780 - INFO - http://data4wallonia.com/cheques-energie-audit-partiel-batiment: Changed label from: Energie - Audit partiel - Bâtiment, to: Energie   Audit partiel   Bâtiment
2024-12-23 14:04:38,782 - INFO - http://data4wallonia.com/cheques-energie-audit-partiel-eclairage: Changed label from: Energie - Audit partiel - Eclairage, to: Energie   Audit partiel   Eclairage
2024-12-23 14:04:38,783 - INFO - http://data4wallonia.com/cheques-energie-audit-partiel-renouvelable: Changed label from: Energie - Audit partiel - Energie renouvelable / cogénération, to: Energie   Audit partiel   Energie renouvelable   cogénération
2024-12-23 14:04:38,784 - INFO - http://data4wallonia.com/cheques-energie-audit-partiel-process: Changed label from: Energie - Audit partiel - Process industriel, to: Energie   Audit partiel   Process industriel
2024-12-23 14:04:38,785 - INFO - http://data4wallonia.com/cheques-energie-audit-simplifie: Changed label from: Energie - Audit simplifié, to: Energie   Audit simplifié
2024-12-23 14:04:38,787 - INFO - http://data4wallonia.com/cheques-energie-prefaisabilite-batiment: Changed label from: Energie - Etude de préfaisabilité - Bâtiment, to: Energie   Etude de préfaisabilité   Bâtiment
2024-12-23 14:04:38,787 - INFO - http://data4wallonia.com/cheques-energie-prefaisabilite-eclairage: Changed label from: Energie - Etude de préfaisabilité - Eclairage, to: Energie   Etude de préfaisabilité   Eclairage
2024-12-23 14:04:38,788 - INFO - http://data4wallonia.com/cheques-energie-prefaisabilite-renouvelable: Changed label from: Energie - Etude de préfaisabilité - Energie renouvelable / cogénération, to: Energie   Etude de préfaisabilité   Energie renouvelable   cogénération
2024-12-23 14:04:38,789 - INFO - http://data4wallonia.com/cheques-energie-prefaisabilite-process: Changed label from: Energie - Etude de préfaisabilité - Process industriel, to: Energie   Etude de préfaisabilité   Process industriel
2024-12-23 14:04:38,790 - INFO - http://data4wallonia.com/cheques-innovation-propriete-intellectuelle: Changed label from: Innovation - Propriété Intellectuelle, to: Innovation   Propriété Intellectuelle
2024-12-23 14:04:38,795 - INFO - http://data4wallonia.com/cheques-innovation-technologique: Changed label from: Innovation - Technologique, to: Innovation   Technologique
2024-12-23 14:04:38,796 - INFO - http://data4wallonia.com/cheques-internationalisation-booster: Changed label from: Internationalisation - Booster export, to: Internationalisation   Booster export
2024-12-23 14:04:38,797 - INFO - http://data4wallonia.com/cheques-internationalisation-consultance: Changed label from: Internationalisation - Consultance export, to: Internationalisation   Consultance export
2024-12-23 14:04:38,798 - INFO - http://data4wallonia.com/cheque-internationalisation-interim-export-management: Changed label from: Internationalisation - Interim export management, to: Internationalisation   Interim export management
2024-12-23 14:04:38,800 - INFO - http://data4wallonia.com/cheques-numerique-cybersecurite: Changed label from: Numérique - Cybersécurité, to: Numérique   Cybersécurité
2024-12-23 14:04:38,801 - INFO - http://data4wallonia.com/cheques-numerique-maturite: Changed label from: Numérique - Maturité numérique, to: Numérique   Maturité numérique
2024-12-23 14:04:38,801 - INFO - http://data4wallonia.com/relance-diagnostic: Changed label from: Relance - Diagnostic, to: Relance   Diagnostic
2024-12-23 14:04:38,803 - INFO - http://data4wallonia.com/relance-implementations-strategiques: Changed label from: Relance - Implémentations stratégiques, to: Relance   Implémentations stratégiques
2024-12-23 14:04:38,803 - INFO - http://data4wallonia.com/relance-plan-d-actions-strategiques: Changed label from: Relance - Plan d'actions stratégiques, to: Relance   Plan d'actions stratégiques
2024-12-23 14:04:38,805 - INFO - http://data4wallonia.com/cheques-transmission-accompagnement: Changed label from: Transmission - Accompagnement cession ou reprise, to: Transmission   Accompagnement cession ou reprise
2024-12-23 14:04:38,806 - INFO - http://data4wallonia.com/cheques-transmission-diagnostic: Changed label from: Transmission - Diagnostic cession ou reprise, to: Transmission   Diagnostic cession ou reprise
2024-12-23 14:04:38,849 - INFO - http://data4wallonia.com/hub-c: Changed label from: hub-c, to: hub c
2024-12-23 14:04:38,851 - INFO - http://data4wallonia.com/mind-market: Changed label from: Mind & Market, to: Mind   Market
2024-12-23 14:04:38,852 - INFO - http://data4wallonia.com/plug-r: Changed label from: Plug-R, to: Plug R
2024-12-23 14:04:38,859 - INFO - http://data4wallonia.com/factories-of-the-future-fof: Changed label from: Factories of the Future (FoF), to: Factories of the Future  FoF 
2024-12-23 14:04:38,861 - INFO - http://data4wallonia.com/laureats-aap-dechets-ressources: Changed label from: Lauréats AAP Déchets-Ressources, to: Lauréats AAP Déchets Ressources
2024-12-23 14:04:38,864 - INFO - http://data4wallonia.com/laureats-aap-poc-proof-of-circularity-2024: Changed label from: Lauréats AAP POC (Proof of Circularity) 2024, to: Lauréats AAP POC  Proof of Circularity  2024
2024-12-23 14:04:38,864 - INFO - http://data4wallonia.com/laureats-aap-poc-proof-of-circularity-2025: Changed label from: Lauréats AAP POC (Proof of Circularity) 2025, to: Lauréats AAP POC  Proof of Circularity  2025
2024-12-23 14:04:38,866 - INFO - http://data4wallonia.com/laureats-aap-poc-idf-circularite: Changed label from: Lauréats AAP POC IDF & Circularité, to: Lauréats AAP POC IDF   Circularité
2024-12-23 14:04:38,867 - INFO - http://data4wallonia.com/laureats-aap-top-pouvoirs-locaux-2021-2022: Changed label from: Lauréats AAP TOP Pouvoirs locaux 21-22, to: Lauréats AAP TOP Pouvoirs locaux 21 22
2024-12-23 14:04:38,890 - INFO - http://data4wallonia.com/e-health-finlande-suede-2019: Changed label from: E-Health Finlande-Suède 2019, to: E Health Finlande Suède 2019
2024-12-23 14:04:38,914 - INFO - http://data4wallonia.com/mission-start-ups-new-york-2024: Changed label from: Mission start-ups New-York 2024, to: Mission start ups New York 2024
2024-12-23 14:04:38,950 - INFO - http://data4wallonia.com/padel-2022-2024: Changed label from: PaDEL 2022-2024, to: PaDEL 2022 2024
2024-12-23 14:04:38,954 - INFO - http://data4wallonia.com/cluster-eco-construction: Changed label from: Cluster Eco-Construction, to: Cluster Eco Construction
2024-12-23 14:04:38,954 - INFO - http://data4wallonia.com/kis: Changed label from: Keep It Secure (KIS), to: Keep It Secure  KIS 
2024-12-23 14:04:38,968 - INFO - http://data4wallonia.com/trail: Changed label from: TRAIL (TRusted AI Labs), to: TRAIL  TRusted AI Labs 
2024-12-23 14:04:38,970 - INFO - http://data4wallonia.com/secteur-para-chimie: Changed label from: Secteur (para)chimie, to: Secteur  para chimie
2024-12-23 14:04:38,970 - INFO - http://data4wallonia.com/secteur-aeronautique-et-aerospatial: Changed label from: Secteur aéronautique & aérospatial, to: Secteur aéronautique   aérospatial
2024-12-23 14:04:38,971 - INFO - http://data4wallonia.com/secteur-banques-et-assurances: Changed label from: Secteur banques & finance & assurances, to: Secteur banques   finance   assurances
2024-12-23 14:04:38,971 - INFO - http://data4wallonia.com/secteur-bois-et-ameublement: Changed label from: Secteur bois & ameublement, to: Secteur bois   ameublement
2024-12-23 14:04:38,972 - INFO - http://data4wallonia.com/secteur-communication-et-marketing: Changed label from: Secteur communication & marketing, to: Secteur communication   marketing
2024-12-23 14:04:38,972 - INFO - http://data4wallonia.com/secteur-distribution-et-commerce-de-detail: Changed label from: Secteur distribution & commerce de détail, to: Secteur distribution   commerce de détail
2024-12-23 14:04:38,973 - INFO - http://data4wallonia.com/secteur-eau-et-dechets: Changed label from: Secteur eau & déchets, to: Secteur eau   déchets
2024-12-23 14:04:38,974 - INFO - http://data4wallonia.com/secteur-ecommerce: Changed label from: Secteur e-commerce, to: Secteur e commerce
2024-12-23 14:04:38,974 - INFO - http://data4wallonia.com/secteur-electronique-et-electromecanique: Changed label from: Secteur électronique & électromécanique, to: Secteur électronique   électromécanique
2024-12-23 14:04:38,975 - INFO - http://data4wallonia.com/secteur-enseignement-et-formation: Changed label from: Secteur enseignement & formation & emploi, to: Secteur enseignement   formation   emploi
2024-12-23 14:04:38,977 - INFO - http://data4wallonia.com/secteur-justice-et-social: Changed label from: Secteur justice & social, to: Secteur justice   social
2024-12-23 14:04:38,978 - INFO - http://data4wallonia.com/secteur-surveillance-et-gardiennage: Changed label from: Secteur surveillance & gardiennage, to: Secteur surveillance   gardiennage
2024-12-23 14:04:38,979 - INFO - http://data4wallonia.com/secteur-technologies-et-machines-et-equipement: Changed label from: Secteur technologies & machines & équipement, to: Secteur technologies   machines   équipement
2024-12-23 14:04:38,980 - INFO - http://data4wallonia.com/secteur-transport-et-logistique: Changed label from: Secteur transport & logistique, to: Secteur transport   logistique
2024-12-23 14:04:38,980 - INFO - http://data4wallonia.com/secteur-verre-et-ceramique-et-ciment: Changed label from: Secteur verre & céramique & ciment, to: Secteur verre   céramique   ciment
2024-12-23 14:04:38,980 - INFO - http://data4wallonia.com/bois-bardages: Changed label from: Bois - Bardages, to: Bois   Bardages
2024-12-23 14:04:38,980 - INFO - http://data4wallonia.com/chaux-enduit-exterieur: Changed label from: Chaux - Enduit extérieur, to: Chaux   Enduit extérieur
2024-12-23 14:04:38,981 - INFO - http://data4wallonia.com/liege-enduit-exterieur: Changed label from: Liège - Enduit extérieur, to: Liège   Enduit extérieur
2024-12-23 14:04:38,981 - INFO - http://data4wallonia.com/peinture-naturelle-exterieure: Changed label from: Peinture - Peinture naturelle extérieure, to: Peinture   Peinture naturelle extérieure
2024-12-23 14:04:38,981 - INFO - http://data4wallonia.com/pierre-parement-en-pierre: Changed label from: Pierre - Parement en pierre, to: Pierre   Parement en pierre
2024-12-23 14:04:38,981 - INFO - http://data4wallonia.com/bois-parquet-et-lambri: Changed label from: Bois - Parquet et lambri, to: Bois   Parquet et lambri
2024-12-23 14:04:38,982 - INFO - http://data4wallonia.com/chaux-enduit-interieur: Changed label from: Chaux - Enduit intérieur, to: Chaux   Enduit intérieur
2024-12-23 14:04:38,982 - INFO - http://data4wallonia.com/peinture-naturelle-interieure: Changed label from: Peinture - Peinture naturelles intérieure, to: Peinture   Peinture naturelles intérieure
2024-12-23 14:04:38,983 - INFO - http://data4wallonia.com/terre-enduit-argile: Changed label from: Terre - Enduit à base d'argile, to: Terre   Enduit à base d'argile
2024-12-23 14:04:38,983 - INFO - http://data4wallonia.com/terre-plaque-argile: Changed label from: Terre - Plaque d'argile avec fibre naturelle, to: Terre   Plaque d'argile avec fibre naturelle
2024-12-23 14:04:38,983 - INFO - http://data4wallonia.com/terre-terre-paille: Changed label from: Terre - Terre-paille, to: Terre   Terre paille
2024-12-23 14:04:38,984 - INFO - http://data4wallonia.com/bois-panneau-rigide-acoustique: Changed label from: Bois - Panneau rigide acoustique, to: Bois   Panneau rigide acoustique
2024-12-23 14:04:38,984 - INFO - http://data4wallonia.com/chanvre-feutre-acoustique: Changed label from: Chanvre - Feutre acoustique, to: Chanvre   Feutre acoustique
2024-12-23 14:04:38,984 - INFO - http://data4wallonia.com/chanvre-panneaux-acoustiques: Changed label from: Chanvre - Panneau semi-rigide acoustique, to: Chanvre   Panneau semi rigide acoustique
2024-12-23 14:04:38,985 - INFO - http://data4wallonia.com/mouton-feutre-acoustique: Changed label from: Mouton - Feutre acoustique, to: Mouton   Feutre acoustique
2024-12-23 14:04:38,985 - INFO - http://data4wallonia.com/recycle-membrane-acoustique: Changed label from: Recyclé - Membrane acoustique, to: Recyclé   Membrane acoustique
2024-12-23 14:04:38,986 - INFO - http://data4wallonia.com/recycle-panneau-rigide-acoustique: Changed label from: Recyclé - Panneau rigide acoustique, to: Recyclé   Panneau rigide acoustique
2024-12-23 14:04:38,986 - INFO - http://data4wallonia.com/bois-fibre-bois-panneau-rouleau-semi-rigide: Changed label from: Bois - Fibre de bois en panneau ou rouleau semi-rigide, to: Bois   Fibre de bois en panneau ou rouleau semi rigide
2024-12-23 14:04:38,986 - INFO - http://data4wallonia.com/bois-fibre-de-bois-panneau-rigide: Changed label from: Bois - Fibre de bois en panneau rigide, to: Bois   Fibre de bois en panneau rigide
2024-12-23 14:04:38,987 - INFO - http://data4wallonia.com/bois-fibre-de-bois-vrac: Changed label from: Bois - Fibre de bois en vrac, to: Bois   Fibre de bois en vrac
2024-12-23 14:04:38,987 - INFO - http://data4wallonia.com/chanvre-panneau-rouleau-semi-rigide: Changed label from: Chanvre - Chanvre en panneau ou rouleau semi-rigide, to: Chanvre   Chanvre en panneau ou rouleau semi rigide
2024-12-23 14:04:38,987 - INFO - http://data4wallonia.com/chanvre-chanvre-lin-panneau-rouleau: Changed label from: Chanvre - Chanvre-lin en panneau ou rouleau semi-rigide, to: Chanvre   Chanvre lin en panneau ou rouleau semi rigide
2024-12-23 14:04:38,988 - INFO - http://data4wallonia.com/chanvre-bloc-chaux-chanvre: Changed label from: Chanvre - Chaux-chanvre en bloc, to: Chanvre   Chaux chanvre en bloc
2024-12-23 14:04:38,988 - INFO - http://data4wallonia.com/chanvre-chaux-chanvre-en-vrac-a-sec: Changed label from: Chanvre - Chaux-chanvre en vrac à sec, to: Chanvre   Chaux chanvre en vrac à sec
2024-12-23 14:04:38,988 - INFO - http://data4wallonia.com/chanvre-chaux-chanvre-en-vrac-humide: Changed label from: Chanvre - Chaux-chanvre en vrac humide, to: Chanvre   Chaux chanvre en vrac humide
2024-12-23 14:04:38,988 - INFO - http://data4wallonia.com/chanvre-chaux-chanvre-projete: Changed label from: Chanvre - Chaux-chanvre en vrac projeté, to: Chanvre   Chaux chanvre en vrac projeté
2024-12-23 14:04:38,989 - INFO - http://data4wallonia.com/coquillages-coquillages-en-vrac: Changed label from: Coquillages - Coquillages en vrac, to: Coquillages   Coquillages en vrac
2024-12-23 14:04:38,989 - INFO - http://data4wallonia.com/herbe-panneau-rouleau-semi-rigide: Changed label from: Herbe - Herbe en panneau ou rouleau semi-rigide, to: Herbe   Herbe en panneau ou rouleau semi rigide
2024-12-23 14:04:38,989 - INFO - http://data4wallonia.com/liege-panneau-rigide: Changed label from: Liège - Liège en panneau rigide, to: Liège   Liège en panneau rigide
2024-12-23 14:04:38,990 - INFO - http://data4wallonia.com/liege-liege-en-vrac: Changed label from: Liège - Liège en vrac, to: Liège   Liège en vrac
2024-12-23 14:04:38,990 - INFO - http://data4wallonia.com/lin-panneau-rouleau-semi-rigide: Changed label from: Lin -  Lin en panneau ou rouleau semi-rigide, to: Lin    Lin en panneau ou rouleau semi rigide
2024-12-23 14:04:38,990 - INFO - http://data4wallonia.com/miscanthus-miscanthus-en-vrac: Changed label from: Miscanthus - Miscanthus en vrac, to: Miscanthus   Miscanthus en vrac
2024-12-23 14:04:38,991 - INFO - http://data4wallonia.com/mouton-laine-panneau-rouleau: Changed label from: Mouton - Laine de mouton en panneau ou rouleau semi-rigide, to: Mouton   Laine de mouton en panneau ou rouleau semi rigide
2024-12-23 14:04:38,991 - INFO - http://data4wallonia.com/mouton-laine-de-mouton-en-vrac: Changed label from: Mouton - Laine de mouton en vrac, to: Mouton   Laine de mouton en vrac
2024-12-23 14:04:38,991 - INFO - http://data4wallonia.com/isolant-paille-en-ballot: Changed label from: Paille - Paille en ballot, to: Paille   Paille en ballot
2024-12-23 14:04:38,991 - INFO - http://data4wallonia.com/isolant-paille-en-vrac: Changed label from: Paille - Paille en vrac, to: Paille   Paille en vrac
2024-12-23 14:04:38,992 - INFO - http://data4wallonia.com/paille-vrac-insuflee: Changed label from: Paille - Paille en vrac insufflée, to: Paille   Paille en vrac insufflée
2024-12-23 14:04:38,992 - INFO - http://data4wallonia.com/recycle-coton-panneau-rouleau: Changed label from: Recyclé - Coton en panneau ou rouleau semi-rigide, to: Recyclé   Coton en panneau ou rouleau semi rigide
2024-12-23 14:04:38,992 - INFO - http://data4wallonia.com/recycle-fibre-de-bois-en-vrac-insufflee: Changed label from: Recyclé - Fibre de bois en vrac insufflée, to: Recyclé   Fibre de bois en vrac insufflée
2024-12-23 14:04:38,993 - INFO - http://data4wallonia.com/recycle-liege-en-vrac: Changed label from: Recyclé - Liège en vrac, to: Recyclé   Liège en vrac
2024-12-23 14:04:38,993 - INFO - http://data4wallonia.com/recycle-ouate-de-cellulose: Changed label from: Recyclé - Ouate de cellulose en vrac, to: Recyclé   Ouate de cellulose en vrac
2024-12-23 14:04:38,993 - INFO - http://data4wallonia.com/recycle-ouate-de-cellulose-en-vrac-insufflee: Changed label from: Recyclé - Ouate de cellulose en vrac insufflée, to: Recyclé   Ouate de cellulose en vrac insufflée
2024-12-23 14:04:38,993 - INFO - http://data4wallonia.com/recycle-verre-cellulaire-en-panneau-rigide: Changed label from: Recyclé - Verre cellulaire en panneau rigide, to: Recyclé   Verre cellulaire en panneau rigide
2024-12-23 14:04:38,994 - INFO - http://data4wallonia.com/recycle-verre-cellulaire-en-vrac: Changed label from: Recyclé - Verre cellulaire en vrac, to: Recyclé   Verre cellulaire en vrac
2024-12-23 14:04:38,994 - INFO - http://data4wallonia.com/bois-chassis: Changed label from: Bois - Châssis, to: Bois   Châssis
2024-12-23 14:04:38,994 - INFO - http://data4wallonia.com/bois-panneau-pare-pluie-ou-support-d-enduit: Changed label from: Bois - Panneau pare-pluie ou support d'enduit, to: Bois   Panneau pare pluie ou support d'enduit
2024-12-23 14:04:38,995 - INFO - http://data4wallonia.com/bois-sous-toiture: Changed label from: Bois - Sous-toiture, to: Bois   Sous toiture
2024-12-23 14:04:38,995 - INFO - http://data4wallonia.com/chaux-enduit-de-corps: Changed label from: Chaux - Enduit de corps, to: Chaux   Enduit de corps
2024-12-23 14:04:38,995 - INFO - http://data4wallonia.com/chanvre-chape-chaux-chanvre-prejete: Changed label from: Chanvre - Chape chaux-chanvre projeté, to: Chanvre   Chape chaux chanvre projeté
2024-12-23 14:04:38,995 - INFO - http://data4wallonia.com/chanvre-chape-en-granules-chanvre-lin: Changed label from: Chanvre - Chape en granulés chanvre-lin, to: Chanvre   Chape en granulés chanvre lin
2024-12-23 14:04:38,997 - INFO - http://data4wallonia.com/chanvre-chaux-chanvre-a-sec: Changed label from: Chanvre - Chaux-chanvre à sec, to: Chanvre   Chaux chanvre à sec
2024-12-23 14:04:38,997 - INFO - http://data4wallonia.com/chanvre-bloc-chaux-chanvre-pour-cloison-interieure: Changed label from: Chanvre - Chaux-chanvre en bloc (pour cloison intérieure), to: Chanvre   Chaux chanvre en bloc  pour cloison intérieure 
2024-12-23 14:04:38,998 - INFO - http://data4wallonia.com/plaques-fibres-gypse: Changed label from: Fibres-gypse - en plaque, to: Fibres gypse   en plaque
2024-12-23 14:04:38,998 - INFO - http://data4wallonia.com/liege-chape-chaux-liege: Changed label from: Liège - Chape chaux-liège, to: Liège   Chape chaux liège
2024-12-23 14:04:38,998 - INFO - http://data4wallonia.com/terre-brique-non-porteuse-en-terre-crue: Changed label from: Terre - Brique non porteuse en terre crue, to: Terre   Brique non porteuse en terre crue
2024-12-23 14:04:38,999 - INFO - http://data4wallonia.com/terre-chape-terre-crue: Changed label from: Terre - Chape terre crue, to: Terre   Chape terre crue
2024-12-23 14:04:38,999 - INFO - http://data4wallonia.com/terre-enduit-corps: Changed label from: Terre - Enduit de corps, to: Terre   Enduit de corps
2024-12-23 14:04:38,999 - INFO - http://data4wallonia.com/terre-pise-non-porteur: Changed label from: Terre - Pisé (non porteur), to: Terre   Pisé  non porteur 
2024-12-23 14:04:38,999 - INFO - http://data4wallonia.com/bois-charpente-prefabriquee: Changed label from: Bois - Charpente préfabriquée, to: Bois   Charpente préfabriquée
2024-12-23 14:04:39,000 - INFO - http://data4wallonia.com/bois-clt-cheville-bois: Changed label from: Bois - CLT chevillé (bois), to: Bois   CLT chevillé  bois 
2024-12-23 14:04:39,000 - INFO - http://data4wallonia.com/bois-clt-cloue: Changed label from: Bois - CLT cloué, to: Bois   CLT cloué
2024-12-23 14:04:39,000 - INFO - http://data4wallonia.com/bois-clt-colle: Changed label from: Bois - CLT collé, to: Bois   CLT collé
2024-12-23 14:04:39,001 - INFO - http://data4wallonia.com/bois-contreventement: Changed label from: Bois - Contreventement, to: Bois   Contreventement
2024-12-23 14:04:39,001 - INFO - http://data4wallonia.com/bois-lamelle-colle: Changed label from: Bois - Lamellé collé, to: Bois   Lamellé collé
2024-12-23 14:04:39,001 - INFO - http://data4wallonia.com/bois-madrier: Changed label from: Bois - Madrier, to: Bois   Madrier
2024-12-23 14:04:39,001 - INFO - http://data4wallonia.com/bois-ossature-et-charpente: Changed label from: Bois - Ossature et charpente, to: Bois   Ossature et charpente
2024-12-23 14:04:39,001 - INFO - http://data4wallonia.com/bois-poteau-poutre: Changed label from: Bois - Poteau-poutre, to: Bois   Poteau poutre
2024-12-23 14:04:39,001 - INFO - http://data4wallonia.com/paille-ballot-de-paille-porteurs: Changed label from: Paille - Ballot de paille porteurs, to: Paille   Ballot de paille porteurs
2024-12-23 14:04:39,001 - INFO - http://data4wallonia.com/pierre-murs-en-moellons: Changed label from: Pierre - Murs en moellons, to: Pierre   Murs en moellons
2024-12-23 14:04:39,001 - INFO - http://data4wallonia.com/terre-brique-porteuse-en-terre-crue: Changed label from: Terre - Brique porteuse en terre crue, to: Terre   Brique porteuse en terre crue
2024-12-23 14:04:39,001 - INFO - http://data4wallonia.com/terre-pise-structurel: Changed label from: Terre - Pisé (structurel), to: Terre   Pisé  structurel 
2024-12-23 14:04:39,001 - INFO - http://data4wallonia.com/materiaux-mixtes-et-composites: Changed label from: Matériaux mixtes & composites, to: Matériaux mixtes   composites
2024-12-23 14:04:39,001 - INFO - http://data4wallonia.com/matieres-organiques-et-biobasees: Changed label from: Matières organiques & biobasées, to: Matières organiques   biobasées
2024-12-23 14:04:39,001 - INFO - http://data4wallonia.com/plastiques-et-caoutchoucs-et-autres-polymeres: Changed label from: Plastiques & caoutchoucs & autres polymères, to: Plastiques   caoutchoucs   autres polymères
2024-12-23 14:04:39,001 - INFO - http://data4wallonia.com/collecte-et-tri-innovants: Changed label from: Collecte & tri innovants, to: Collecte   tri innovants
2024-12-23 14:04:39,001 - INFO - http://data4wallonia.com/eco-conception: Changed label from: Eco-conception, to: Eco conception
2024-12-23 14:04:39,001 - INFO - http://data4wallonia.com/entretien-et-reparation-et-reconditionnement: Changed label from: Entretien & réparation & reconditionnement, to: Entretien   réparation   reconditionnement
2024-12-23 14:04:39,001 - INFO - http://data4wallonia.com/reemploi-et-reutilisation: Changed label from: Réemploi & réutilisation, to: Réemploi   réutilisation
2024-12-23 14:04:39,023 - INFO - http://data4wallonia.com/eau-forage-captage: Changed label from: Forages & captages, to: Forages   captages
2024-12-23 14:04:39,023 - INFO - http://data4wallonia.com/mesures-et-analyses-pour-l-eau: Changed label from: Mesures & analyses pour l'eau, to: Mesures   analyses pour l'eau
2024-12-23 14:04:39,023 - INFO - http://data4wallonia.com/transport-et-stockage-d-eau: Changed label from: Transport & stockage d'eau, to: Transport   stockage d'eau
2024-12-23 14:04:39,035 - INFO - http://data4wallonia.com/rotor-pales: Changed label from: Rotor & Pales, to: Rotor   Pales
2024-12-23 14:04:39,035 - INFO - http://data4wallonia.com/hydrogene-h2: Changed label from: Hydrogène (H2), to: Hydrogène  H2 
2024-12-23 14:04:39,035 - INFO - http://data4wallonia.com/cellule-module: Changed label from: Cellule & module, to: Cellule   module
2024-12-23 14:04:39,035 - INFO - http://data4wallonia.com/systemes-de-controle-detection: Changed label from: Systèmes de contrôle & de détection, to: Systèmes de contrôle   de détection
2024-12-23 14:04:39,035 - INFO - http://data4wallonia.com/chimique-combustibles-de-synthese: Changed label from: Chimique - combustibles de synthèse, to: Chimique   combustibles de synthèse
2024-12-23 14:04:39,035 - INFO - http://data4wallonia.com/electrochimique-batteries-a-circulation: Changed label from: Electrochimique - batteries à circulation, to: Electrochimique   batteries à circulation
2024-12-23 14:04:39,035 - INFO - http://data4wallonia.com/electrochimique-batteries-conventionnelles: Changed label from: Electrochimique - batteries conventionnelles, to: Electrochimique   batteries conventionnelles
2024-12-23 14:04:39,035 - INFO - http://data4wallonia.com/electrostatique-magnetique: Changed label from: Electrostatique / Magnétique, to: Electrostatique   Magnétique
2024-12-23 14:04:39,035 - INFO - http://data4wallonia.com/honeypots-cybertraps: Changed label from: Honeypots / Cybertraps, to: Honeypots   Cybertraps
2024-12-23 14:04:39,035 - INFO - http://data4wallonia.com/social-media-and-brand-monitoring: Changed label from: Social Media & Brand Monitoring, to: Social Media   Brand Monitoring
2024-12-23 14:04:39,035 - INFO - http://data4wallonia.com/underground-darkweb-investigation: Changed label from: Underground / Darkweb investigation, to: Underground   Darkweb investigation
2024-12-23 14:04:39,035 - INFO - http://data4wallonia.com/security-operations-center-soc: Changed label from: Security Operations Center (SOC), to: Security Operations Center  SOC 
2024-12-23 14:04:39,035 - INFO - http://data4wallonia.com/siem-event-correlation-solutions: Changed label from: SIEM / Event Correlation Solutions, to: SIEM   Event Correlation Solutions
2024-12-23 14:04:39,050 - INFO - http://data4wallonia.com/software-security-lifecycle-management: Changed label from: Software & Security Lifecycle Management, to: Software   Security Lifecycle Management
2024-12-23 14:04:39,050 - INFO - http://data4wallonia.com/governance-risk-compliance-grc: Changed label from: Governance, Risk & Compliance (GRC), to: Governance, Risk   Compliance  GRC 
2024-12-23 14:04:39,052 - INFO - http://data4wallonia.com/hardware-security-modules-hsm: Changed label from: Hardware Security Modules (HSM), to: Hardware Security Modules  HSM 
2024-12-23 14:04:39,052 - INFO - http://data4wallonia.com/pki-digital-certificates: Changed label from: PKI / Digital Certificates, to: PKI   Digital Certificates
2024-12-23 14:04:39,053 - INFO - http://data4wallonia.com/static-application-security-testing-sast: Changed label from: Static Application Security Testing (SAST), to: Static Application Security Testing  SAST 
2024-12-23 14:04:39,053 - INFO - http://data4wallonia.com/penetration-testing-red-teaming: Changed label from: Penetration Testing / Red Teaming, to: Penetration Testing   Red Teaming
2024-12-23 14:04:39,054 - INFO - http://data4wallonia.com/anti-virus-worm-malware: Changed label from: Anti Virus/Worm/Malware, to: Anti Virus Worm Malware
2024-12-23 14:04:39,054 - INFO - http://data4wallonia.com/backup-storage-security: Changed label from: Backup / Storage Security, to: Backup   Storage Security
2024-12-23 14:04:39,054 - INFO - http://data4wallonia.com/content-filtering-monitoring: Changed label from: Content Filtering & Monitoring, to: Content Filtering   Monitoring
2024-12-23 14:04:39,055 - INFO - http://data4wallonia.com/firewalls-nextgen-firewalls: Changed label from: Firewalls / NextGen Firewalls, to: Firewalls   NextGen Firewalls
2024-12-23 14:04:39,055 - INFO - http://data4wallonia.com/mobile-security-device-management: Changed label from: Mobile Security /Device management, to: Mobile Security  Device management
2024-12-23 14:04:39,055 - INFO - http://data4wallonia.com/pc-mobile-end-point-security: Changed label from: PC/Mobile/End Point Security, to: PC Mobile End Point Security
2024-12-23 14:04:39,055 - INFO - http://data4wallonia.com/remote-access-vpn: Changed label from: Remote Access / VPN, to: Remote Access   VPN
2024-12-23 14:04:39,056 - INFO - http://data4wallonia.com/unified-threat-management-utm: Changed label from: Unified Threat Management (UTM), to: Unified Threat Management  UTM 
2024-12-23 14:04:39,057 - INFO - http://data4wallonia.com/incident-response-services-csrit-aas: Changed label from: Incident Response Services (CSRIT aaS), to: Incident Response Services  CSRIT aaS 
2024-12-23 14:04:39,058 - INFO - http://data4wallonia.com/business-continuity-recovery-planning: Changed label from: Business Continuity/Recovery Planning, to: Business Continuity Recovery Planning
2024-12-23 14:04:39,058 - INFO - http://data4wallonia.com/chambre-commerce: Changed label from: Chambre de commerce et d'industrie (CCI), to: Chambre de commerce et d'industrie  CCI 
2024-12-23 14:04:39,060 - INFO - http://data4wallonia.com/business-angels: Changed label from: Fonds d'investissement & business angels, to: Fonds d'investissement   business angels
2024-12-23 14:04:39,061 - INFO - http://data4wallonia.com/incubateur: Changed label from: Incubateur & accélérateur, to: Incubateur   accélérateur
2024-12-23 14:04:39,065 - INFO - http://data4wallonia.com/centre-recherche: Changed label from: Centre de recherche agréé (CRA), to: Centre de recherche agréé  CRA 
2024-12-23 14:04:39,065 - INFO - http://data4wallonia.com/interface-recherche-entreprise: Changed label from: Interface Recherche-Entreprise, to: Interface Recherche Entreprise
2024-12-23 14:04:39,067 - INFO - http://data4wallonia.com/scale-up: Changed label from: Scale-up, to: Scale up
2024-12-23 14:04:39,067 - INFO - http://data4wallonia.com/spin-off: Changed label from: Spin-off, to: Spin off
2024-12-23 14:04:39,068 - INFO - http://data4wallonia.com/spw: Changed label from: Service public de Wallonie (SPW), to: Service public de Wallonie  SPW 
2024-12-23 14:04:39,068 - INFO - http://data4wallonia.com/spf: Changed label from: Service public fédéral (SPF), to: Service public fédéral  SPF 
2024-12-23 14:04:39,068 - INFO - http://data4wallonia.com/uap: Changed label from: Unité d'administration publique  (UAP), to: Unité d'administration publique   UAP 
2024-12-23 14:04:39,070 - INFO - http://data4wallonia.com/bruxelles: Changed label from: Bruxelles-Capitale, to: Bruxelles Capitale
2024-12-23 14:04:39,071 - INFO - http://data4wallonia.com/fwb: Changed label from: Fédération Wallonie-Bruxelles, to: Fédération Wallonie Bruxelles
2024-12-23 14:04:39,071 - INFO - http://data4wallonia.com/regionwallonne: Changed label from: Wallonie (Région wallonne), to: Wallonie  Région wallonne 
2024-12-23 14:04:39,071 - INFO - http://data4wallonia.com/accompagnement-developpement: Changed label from: Accompagnement & développement, to: Accompagnement   développement
2024-12-23 14:04:39,072 - INFO - http://data4wallonia.com/financement-participation: Changed label from: Financement & participation, to: Financement   participation
2024-12-23 14:04:39,072 - INFO - http://data4wallonia.com/gouvernance: Changed label from: Gouvernance (à supprimer), to: Gouvernance  à supprimer 
2024-12-23 14:04:39,072 - INFO - http://data4wallonia.com/international-exportation: Changed label from: International & exportation, to: International   exportation
2024-12-23 14:04:39,072 - INFO - http://data4wallonia.com/promotion-diffusion: Changed label from: Promotion & diffusion & réseautage, to: Promotion   diffusion   réseautage
2024-12-23 14:04:39,073 - INFO - http://data4wallonia.com/recherche-technologies: Changed label from: Recherche & technologies, to: Recherche   technologies
2024-12-23 14:04:39,073 - INFO - http://data4wallonia.com/sensibilisation-formation: Changed label from: Sensibilisation & formation, to: Sensibilisation   formation
2024-12-23 14:04:39,073 - INFO - http://data4wallonia.com/ecosysteme-humain-technologies: Changed label from: Ecosystème humain & technologies, to: Ecosystème humain   technologies
2024-12-23 14:04:39,074 - INFO - http://data4wallonia.com/femmes-numerique: Changed label from: Femmes & numérique, to: Femmes   numérique
2024-12-23 14:04:39,075 - INFO - http://data4wallonia.com/smart-economy: Changed label from: Economie collaborative & smart economy, to: Economie collaborative   smart economy
2024-12-23 14:04:39,075 - INFO - http://data4wallonia.com/energy-environment: Changed label from: Energy & environment, to: Energy   environment
2024-12-23 14:04:39,075 - INFO - http://data4wallonia.com/e-sante: Changed label from: E-santé, to: E santé
2024-12-23 14:04:39,076 - INFO - http://data4wallonia.com/e-sport: Changed label from: E-sport, to: E sport
2024-12-23 14:04:39,077 - INFO - http://data4wallonia.com/industries-culturelles-et-creatives: Changed label from: Industries culturelles et créatives (ICC), to: Industries culturelles et créatives  ICC 
2024-12-23 14:04:39,081 - INFO - http://data4wallonia.com/marche-para-chimie: Changed label from: Marché (para)chimie, to: Marché  para chimie
2024-12-23 14:04:39,081 - INFO - http://data4wallonia.com/marche-aeronautique-aerospatial: Changed label from: Marché aéronautique & aérospatial, to: Marché aéronautique   aérospatial
2024-12-23 14:04:39,081 - INFO - http://data4wallonia.com/marche-finance: Changed label from: Marché banques & finance & assurances, to: Marché banques   finance   assurances
2024-12-23 14:04:39,082 - INFO - http://data4wallonia.com/marche-bois-ameublement: Changed label from: Marché bois & ameublement, to: Marché bois   ameublement
2024-12-23 14:04:39,082 - INFO - http://data4wallonia.com/marche-communication-et-marketing: Changed label from: Marché communication & marketing, to: Marché communication   marketing
2024-12-23 14:04:39,083 - INFO - http://data4wallonia.com/marche-distribution: Changed label from: Marché distribution & commerce de détail, to: Marché distribution   commerce de détail
2024-12-23 14:04:39,085 - INFO - http://data4wallonia.com/marche-eau-dechets: Changed label from: Marché eau & déchets, to: Marché eau   déchets
2024-12-23 14:04:39,085 - INFO - http://data4wallonia.com/marche-electronique-electromecanique: Changed label from: Marché électronique & électromécanique, to: Marché électronique   électromécanique
2024-12-23 14:04:39,085 - INFO - http://data4wallonia.com/marche-enseignement-et-formation: Changed label from: Marché enseignement & formation & emploi, to: Marché enseignement   formation   emploi
2024-12-23 14:04:39,085 - INFO - http://data4wallonia.com/marche-justice-et-social: Changed label from: Marché justice & social, to: Marché justice   social
2024-12-23 14:04:39,085 - INFO - http://data4wallonia.com/marche-surveillance-gardiennage: Changed label from: Marché surveillance & gardiennage, to: Marché surveillance   gardiennage
2024-12-23 14:04:39,085 - INFO - http://data4wallonia.com/marche-technologies-et-machines-et-equipement: Changed label from: Marché technologies & machines & équipement, to: Marché technologies   machines   équipement
2024-12-23 14:04:39,085 - INFO - http://data4wallonia.com/marche-transport-logistique: Changed label from: Marché transport & logistique, to: Marché transport   logistique
2024-12-23 14:04:39,085 - INFO - http://data4wallonia.com/marche-verre-ceramique-ciment: Changed label from: Marché verre & céramique & ciment, to: Marché verre   céramique   ciment
2024-12-23 14:04:39,085 - INFO - http://data4wallonia.com/commercialisation-fourniture: Changed label from: Commercialisation & Fourniture, to: Commercialisation   Fourniture
2024-12-23 14:04:39,085 - INFO - http://data4wallonia.com/demantelement-recyclage: Changed label from: Démantèlement & Recyclage, to: Démantèlement   Recyclage
2024-12-23 14:04:39,085 - INFO - http://data4wallonia.com/distribution-installation: Changed label from: Distribution & Installation, to: Distribution   Installation
2024-12-23 14:04:39,085 - INFO - http://data4wallonia.com/education-promotion-sensibilisation: Changed label from: Education & promotion & sensibilisation, to: Education   promotion   sensibilisation
2024-12-23 14:04:39,085 - INFO - http://data4wallonia.com/etudes-conception: Changed label from: Etudes & conception, to: Etudes   conception
2024-12-23 14:04:39,085 - INFO - http://data4wallonia.com/fabrication-production: Changed label from: Fabrication & Production, to: Fabrication   Production
2024-12-23 14:04:39,085 - INFO - http://data4wallonia.com/formation-certification: Changed label from: Formation & Certification, to: Formation   Certification
2024-12-23 14:04:39,085 - INFO - http://data4wallonia.com/gestion-des-ressources-humaines-rh: Changed label from: Gestion des ressources humaines (RH), to: Gestion des ressources humaines  RH 
2024-12-23 14:04:39,085 - INFO - http://data4wallonia.com/gestion-financiere-et-administrative: Changed label from: Gestion financière & administrative, to: Gestion financière   administrative
2024-12-23 14:04:39,085 - INFO - http://data4wallonia.com/gestion-securite-et-assurance-qualite-et-durabilite: Changed label from: Gestion sécurité & assurance qualité & durabilité, to: Gestion sécurité   assurance qualité   durabilité
2024-12-23 14:04:39,085 - INFO - http://data4wallonia.com/logistique-et-supply-chain: Changed label from: Logistique & supply chain, to: Logistique   supply chain
2024-12-23 14:04:39,085 - INFO - http://data4wallonia.com/operations-maintenance: Changed label from: Opérations & Maintenance, to: Opérations   Maintenance
2024-12-23 14:04:39,085 - INFO - http://data4wallonia.com/recherche-developpement-innovation: Changed label from: R&D & innovation, to: R D   innovation
2024-12-23 14:04:39,085 - INFO - http://data4wallonia.com/strategie-et-gouvernance: Changed label from: Stratégie & gouvernance, to: Stratégie   gouvernance
2024-12-23 14:04:39,085 - INFO - http://data4wallonia.com/chist-era: Changed label from: CHIST-ERA, to: CHIST ERA
2024-12-23 14:04:39,085 - INFO - http://data4wallonia.com/first-haute-ecole: Changed label from: First Haute-Ecole, to: First Haute Ecole
2024-12-23 14:04:39,101 - INFO - http://data4wallonia.com/fonds-europeen-de-la-defense-cybersecurite: Changed label from: Fonds européen de la défense  - Cybersécurité, to: Fonds européen de la défense    Cybersécurité
2024-12-23 14:04:39,101 - INFO - http://data4wallonia.com/fonds-pour-une-transition-juste-ftj: Changed label from: Fonds pour une transition juste (FTJ), to: Fonds pour une transition juste  FTJ 
2024-12-23 14:04:39,101 - INFO - http://data4wallonia.com/m-era-net: Changed label from: M-ERA.Net, to: M ERA.Net
2024-12-23 14:04:39,101 - INFO - http://data4wallonia.com/single-market-programme-smp: Changed label from: Single Market Programme (SMP), to: Single Market Programme  SMP 
2024-12-23 14:04:39,101 - INFO - http://data4wallonia.com/wallonie-relance: Changed label from: Wallonie Relance (PRW), to: Wallonie Relance  PRW 
2024-12-23 14:04:39,101 - INFO - http://data4wallonia.com/win2wal: Changed label from: Win2Wal (Win-Win Wallonia), to: Win2Wal  Win Win Wallonia 
2024-12-23 14:04:39,101 - INFO - http://data4wallonia.com/alimentation: Changed label from: Alimentation & cuisine, to: Alimentation   cuisine
2024-12-23 14:04:39,101 - INFO - http://data4wallonia.com/amenagement: Changed label from: Aménagement & décoration, to: Aménagement   décoration
2024-12-23 14:04:39,101 - INFO - http://data4wallonia.com/papeterie: Changed label from: Art & artisanat & papeterie, to: Art   artisanat   papeterie
2024-12-23 14:04:39,101 - INFO - http://data4wallonia.com/bricolage: Changed label from: Bricolage & construction, to: Bricolage   construction
2024-12-23 14:04:39,101 - INFO - http://data4wallonia.com/electronique: Changed label from: Electronique & informatique & électroménager, to: Electronique   informatique   électroménager
2024-12-23 14:04:39,101 - INFO - http://data4wallonia.com/emploi: Changed label from: Emploi & recrutement, to: Emploi   recrutement
2024-12-23 14:04:39,101 - INFO - http://data4wallonia.com/vehicule: Changed label from: Garages & véhicules & transport, to: Garages   véhicules   transport
2024-12-23 14:04:39,101 - INFO - http://data4wallonia.com/horeca-tourisme: Changed label from: Horeca & tourisme, to: Horeca   tourisme
2024-12-23 14:04:39,101 - INFO - http://data4wallonia.com/pharma: Changed label from: Pharmacies & soins de la personne, to: Pharmacies   soins de la personne
2024-12-23 14:04:39,116 - INFO - http://data4wallonia.com/presse: Changed label from: Presse & médias, to: Presse   médias
2024-12-23 14:04:39,116 - INFO - http://data4wallonia.com/rencontres: Changed label from: Rencontres & réseautage, to: Rencontres   réseautage
2024-12-23 14:04:39,117 - INFO - http://data4wallonia.com/sport: Changed label from: Sport & loisirs, to: Sport   loisirs
2024-12-23 14:04:39,118 - INFO - http://data4wallonia.com/evaluation: Changed label from: Evaluation & validation, to: Evaluation   validation
2024-12-23 14:04:39,119 - INFO - http://data4wallonia.com/formation-medias: Changed label from: Formation aux métiers des Arts & des Médias numériques, to: Formation aux métiers des Arts   des Médias numériques
2024-12-23 14:04:39,121 - INFO - http://data4wallonia.com/calcul-haute-performance: Changed label from: Calcul haute performance (HPC), to: Calcul haute performance  HPC 
2024-12-23 14:04:39,122 - INFO - http://data4wallonia.com/intelligence-artificielle: Changed label from: Intelligence artificielle (IA/AI), to: Intelligence artificielle  IA AI 
2024-12-23 14:04:39,123 - INFO - http://data4wallonia.com/iot: Changed label from: Internet des objets (IoT) & capteurs, to: Internet des objets  IoT    capteurs
2024-12-23 14:04:39,123 - INFO - http://data4wallonia.com/jumeau-simulation-numerique: Changed label from: Jumeau & simulation numériques, to: Jumeau   simulation numériques
2024-12-23 14:04:39,123 - INFO - http://data4wallonia.com/machine-learning: Changed label from: Machine learning (IA), to: Machine learning  IA 
2024-12-23 14:04:39,123 - INFO - http://data4wallonia.com/realite-augmentee-virtuelle: Changed label from: Réalités augmentée & virtuelle & étendue (AR/VR/XR), to: Réalités augmentée   virtuelle   étendue  AR VR XR 
2024-12-23 14:04:39,123 - INFO - http://data4wallonia.com/robotique: Changed label from: Robotique & automation, to: Robotique   automation
2024-12-23 14:04:39,123 - INFO - http://data4wallonia.com/systeme-expert: Changed label from: Système expert (IA), to: Système expert  IA 
2024-12-23 14:04:39,123 - INFO - http://data4wallonia.com/composants-electroniques: Changed label from: Composants électroniques & informatiques, to: Composants électroniques   informatiques
2024-12-23 14:04:39,123 - INFO - http://data4wallonia.com/mesures-test: Changed label from: Equipements de mesures & test, to: Equipements de mesures   test
2024-12-23 14:04:39,123 - INFO - http://data4wallonia.com/navigation: Changed label from: Géolocalisation & navigation, to: Géolocalisation   navigation
2024-12-23 14:04:39,123 - INFO - http://data4wallonia.com/ordinateurs: Changed label from: Ordinateurs & périphériques & serveurs, to: Ordinateurs   périphériques   serveurs
2024-12-23 14:04:39,123 - INFO - http://data4wallonia.com/smartphones-tablettes: Changed label from: Smartphones & tablettes, to: Smartphones   tablettes
2024-12-23 14:04:39,123 - INFO - http://data4wallonia.com/cloud-virtualisation: Changed label from: Cloud computing & virtualisation, to: Cloud computing   virtualisation
2024-12-23 14:04:39,123 - INFO - http://data4wallonia.com/equipements-services-reseaux: Changed label from: Equipements & services réseaux, to: Equipements   services réseaux
2024-12-23 14:04:39,123 - INFO - http://data4wallonia.com/hosting-housing: Changed label from: Hosting & housing, to: Hosting   housing
2024-12-23 14:04:39,123 - INFO - http://data4wallonia.com/consultance-audit: Changed label from: Consultance & audit informatique, to: Consultance   audit informatique
2024-12-23 14:04:39,123 - INFO - http://data4wallonia.com/design-ux-ui: Changed label from: Design UX/UI, to: Design UX UI
2024-12-23 14:04:39,123 - INFO - http://data4wallonia.com/leasing-outsourcing: Changed label from: Leasing & outsourcing informatique, to: Leasing   outsourcing informatique
2024-12-23 14:04:39,123 - INFO - http://data4wallonia.com/post-production: Changed label from: Post-production, to: Post production
2024-12-23 14:04:39,123 - INFO - http://data4wallonia.com/production-diffusion-contenu: Changed label from: Production & diffusion de contenus numériques, to: Production   diffusion de contenus numériques
2024-12-23 14:04:39,123 - INFO - http://data4wallonia.com/services-edtech: Changed label from: Produits & services edtech, to: Produits   services edtech
2024-12-23 14:04:39,123 - INFO - http://data4wallonia.com/standardisation-certification: Changed label from: Standardisation & certification, to: Standardisation   certification
2024-12-23 14:04:39,123 - INFO - http://data4wallonia.com/traitement-de-donnees: Changed label from: Traitement de données & data analytics, to: Traitement de données   data analytics
2024-12-23 14:04:39,133 - INFO - http://data4wallonia.com/traitement-du-langage: Changed label from: Traitement du langage (TAL), to: Traitement du langage  TAL 
2024-12-23 14:04:39,134 - INFO - http://data4wallonia.com/video-animation: Changed label from: Vidéo & animation 2D/3D, to: Vidéo   animation 2D 3D
2024-12-23 14:04:39,134 - INFO - http://data4wallonia.com/cms-developpement-web: Changed label from: CMS & développement Web, to: CMS   développement Web
2024-12-23 14:04:39,134 - INFO - http://data4wallonia.com/interfacage-interoperabilite-avances: Changed label from: Interfaçage & interopérabilité avancés, to: Interfaçage   interopérabilité avancés
2024-12-23 14:04:39,134 - INFO - http://data4wallonia.com/logiciels-ecommerce: Changed label from: Logiciels & sites e-commerce, to: Logiciels   sites e commerce
2024-12-23 14:04:39,134 - INFO - http://data4wallonia.com/logiciels-bureautique: Changed label from: Logiciels de bureautique & de productivité, to: Logiciels de bureautique   de productivité
2024-12-23 14:04:39,134 - INFO - http://data4wallonia.com/logiciels-metiers: Changed label from: Logiciels métiers & sectoriels, to: Logiciels métiers   sectoriels
2024-12-23 14:04:39,134 - INFO - http://data4wallonia.com/langages-programmation: Changed label from: Plateformes & langages de programmation, to: Plateformes   langages de programmation
2024-12-23 14:04:39,134 - INFO - http://data4wallonia.com/seriousgame: Changed label from: Seriousgame / jeu sérieux, to: Seriousgame   jeu sérieux
2024-12-23 14:04:39,134 - INFO - http://data4wallonia.com/applications-mobiles: Changed label from: Sites & applications mobiles, to: Sites   applications mobiles
2024-12-23 14:04:39,134 - INFO - http://data4wallonia.com/activite-ludo-educative: Changed label from: Activité ludo-éducative, to: Activité ludo éducative
2024-12-23 14:04:39,134 - INFO - http://data4wallonia.com/exposition: Changed label from: Salon & Exposition, to: Salon   Exposition
2024-12-23 14:04:39,134 - INFO - http://data4wallonia.com/seminaire-et-conference: Changed label from: Séminaire & Conférence, to: Séminaire   Conférence
2024-12-23 14:04:39,134 - INFO - http://data4wallonia.com/distribution-et-consommation-et-logistique: Changed label from: Distribution & consommation & logistique, to: Distribution   consommation   logistique
2024-12-23 14:04:39,134 - INFO - http://data4wallonia.com/hopital-du-futur-et-prevention: Changed label from: Hôpital du futur & prévention, to: Hôpital du futur   prévention
2024-12-23 14:04:39,134 - INFO - http://data4wallonia.com/patient-connecte-et-e-sante-et-big-data: Changed label from: Patient connecté & e-santé & big data, to: Patient connecté   e santé   big data
2024-12-23 14:04:39,134 - INFO - http://data4wallonia.com/remanufacturing-et-optimisation-ressources: Changed label from: Remanufacturing & optimisation ressources, to: Remanufacturing   optimisation ressources
2024-12-23 14:04:39,134 - INFO - http://data4wallonia.com/solutions-innovantes-nouveaux-materiaux: Changed label from: Solutions innovantes - nouveaux matériaux, to: Solutions innovantes   nouveaux matériaux
2024-12-23 14:04:39,134 - INFO - http://data4wallonia.com/solutions-innovantes-production: Changed label from: Solutions innovantes - production & conception, to: Solutions innovantes   production   conception
2024-12-23 14:04:39,134 - INFO - http://data4wallonia.com/conception-et-construction-des-batiments: Changed label from: Conception & construction des bâtiments, to: Conception   construction des bâtiments
2024-12-23 14:04:39,134 - INFO - http://data4wallonia.com/filieres-agro-alimentaires-innovantes: Changed label from: Filières agro-alimentaires innovantes, to: Filières agro alimentaires innovantes
2024-12-23 14:04:39,134 - INFO - http://data4wallonia.com/produits-et-services-environnementaux: Changed label from: Produits & services environnementaux, to: Produits   services environnementaux
2024-12-23 14:04:39,150 - INFO - http://data4wallonia.com/e-wallonhy: Changed label from: e-WallonHY, to: e WallonHY
2024-12-23 14:04:39,157 - INFO - http://data4wallonia.com/se-former-au-numerique-avance: Changed label from: Se former au numérique (usages avancés), to: Se former au numérique  usages avancés 
2024-12-23 14:04:39,157 - INFO - http://data4wallonia.com/se-former-au-numerique-base: Changed label from: Se former au numérique (usages de base), to: Se former au numérique  usages de base 
2024-12-23 14:04:39,167 - INFO - http://data4wallonia.com/smartcities-bn-2015: Changed label from: Smartcities-BN 2015, to: Smartcities BN 2015
2024-12-23 14:04:39,167 - INFO - http://data4wallonia.com/smartcities-si-2015: Changed label from: Smartcities-SI 2015, to: Smartcities SI 2015
